c:\users\yuan2\onedrive\desktop\ubigame_blank\ubigame_blank\ubigame\x64\release\vc142.pdb
c:\users\yuan2\onedrive\desktop\ubigame_blank\ubigame_blank\ubigame\x64\release\spriterendercomponent.obj
c:\users\yuan2\onedrive\desktop\ubigame_blank\ubigame_blank\ubigame\x64\release\texturemanager.obj
c:\users\yuan2\onedrive\desktop\ubigame_blank\ubigame_blank\ubigame\x64\release\gameenginemain.obj
c:\users\yuan2\onedrive\desktop\ubigame_blank\ubigame_blank\ubigame\x64\release\entity.obj
c:\users\yuan2\onedrive\desktop\ubigame_blank\ubigame_blank\ubigame\x64\release\main.obj
c:\users\yuan2\onedrive\desktop\ubigame_blank\ubigame_blank\ubigame\x64\release\component.obj
c:\users\yuan2\onedrive\desktop\ubigame_blank\ubigame_blank\ubigame\x64\release\rendercomponent.obj
c:\users\yuan2\onedrive\desktop\ubigame_blank\ubigame_blank\ubigame\x64\release\gameboard.obj
c:\users\yuan2\onedrive\desktop\ubigame_blank\ubigame_blank\ubigame\x64\release\textrendercomponent.obj
c:\users\yuan2\onedrive\desktop\ubigame_blank\ubigame_blank\ubigame\x64\release\soundmanager.obj
c:\users\yuan2\onedrive\desktop\ubigame_blank\ubigame_blank\ubigame\x64\release\collisionmanager.obj
c:\users\yuan2\onedrive\desktop\ubigame_blank\ubigame_blank\ubigame\x64\release\collidablecomponent.obj
c:\users\yuan2\onedrive\desktop\ubigame_blank\ubigame_blank\ubigame\x64\release\collidablephysicscomponent.obj
c:\users\yuan2\onedrive\desktop\ubigame_blank\ubigame_blank\ubigame\x64\release\animationcomponent.obj
c:\users\yuan2\onedrive\desktop\ubigame_blank\ubigame_blank\ubigame\x64\release\animationmanager.obj
c:\users\yuan2\onedrive\desktop\ubigame_blank\ubigame_blank\ubigame\x64\release\soundcomponent.obj
c:\users\yuan2\onedrive\desktop\ubigame_blank\ubigame_blank\ubigame\x64\release\particleemittercomponent.obj
c:\users\yuan2\onedrive\desktop\ubigame_blank\ubigame_blank\ubigame\x64\release\particlecomponent.obj
c:\users\yuan2\onedrive\desktop\ubigame_blank\ubigame_blank\ubigame\x64\release\cameramanager.obj
c:\users\yuan2\onedrive\desktop\ubigame_blank\ubigame_blank\x64\release\ubigame.exe
c:\users\yuan2\onedrive\desktop\ubigame_blank\ubigame_blank\x64\release\ubigame.pdb
c:\users\yuan2\onedrive\desktop\ubigame_blank\ubigame_blank\x64\release\ubigame.ipdb
c:\users\yuan2\onedrive\desktop\ubigame_blank\ubigame_blank\x64\release\ubigame.iobj
c:\users\yuan2\onedrive\desktop\ubigame_blank\ubigame_blank\ubigame\x64\release\ubigame.tlog\cl.command.1.tlog
c:\users\yuan2\onedrive\desktop\ubigame_blank\ubigame_blank\ubigame\x64\release\ubigame.tlog\cl.read.1.tlog
c:\users\yuan2\onedrive\desktop\ubigame_blank\ubigame_blank\ubigame\x64\release\ubigame.tlog\cl.write.1.tlog
c:\users\yuan2\onedrive\desktop\ubigame_blank\ubigame_blank\ubigame\x64\release\ubigame.tlog\link.command.1.tlog
c:\users\yuan2\onedrive\desktop\ubigame_blank\ubigame_blank\ubigame\x64\release\ubigame.tlog\link.read.1.tlog
c:\users\yuan2\onedrive\desktop\ubigame_blank\ubigame_blank\ubigame\x64\release\ubigame.tlog\link.write.1.tlog
c:\users\yuan2\onedrive\desktop\ubigame_blank\ubigame_blank\ubigame\x64\release\ubigame.tlog\ubigame.write.1u.tlog
